2026-02-18T02:51:43Z 1
2026-02-18T02:51:43Z 2
2026-02-18T02:51:44Z 3
2026-02-18T02:51:44Z 4
2026-02-18T02:51:44Z 5
2026-02-18T02:51:44Z 6
2026-02-18T02:51:44Z 7
2026-02-18T02:51:44Z 8
2026-02-18T02:51:44Z 9
2026-02-18T02:51:44Z 10
2026-02-18T02:51:44Z 11
2026-02-18T02:51:44Z 12
2026-02-18T02:51:44Z 13
2026-02-18T02:51:44Z 14
2026-02-18T02:51:44Z 15
2026-02-18T02:51:44Z 16
2026-02-18T02:51:44Z 17
2026-02-18T02:51:44Z 18
2026-02-18T02:51:45Z 19
2026-02-18T02:51:45Z 20
2026-02-18T02:51:45Z 21
2026-02-18T02:51:45Z 22
